app/build/outputs/logs/manifest-merger-debug-report.txt
-- Merging decision tree log ---
manifest
ADDED from src/main/AndroidManifest.xml:2:1-38:12
INJECTED from src/main/AndroidManifest.xml:2:1-38:12
INJECTED from src/main/AndroidManifest.xml:2:1-38:12
INJECTED from src/main/AndroidManifest.xml:2:1-38:12
INJECTED from src/main/AndroidManifest.xml:2:1-38:12
INJECTED from src/main/AndroidManifest.xml:2:1-38:12
INJECTED from src/main/AndroidManifest.xml:2:1-38:12
	package
		ADDED from src/main/AndroidManifest.xml:3:5-36
		INJECTED from src/main/AndroidManifest.xml
		INJECTED from src/main/AndroidManifest.xml
	android:versionName
		ADDED from src/main/AndroidManifest.xml:5:5-30
		INJECTED from src/main/AndroidManifest.xml
		INJECTED from src/main/AndroidManifest.xml
	xmlns:android
		ADDED from src/main/AndroidManifest.xml:2:11-69
	android:versionCode
		ADDED from src/main/AndroidManifest.xml:4:5-28
		INJECTED from src/main/AndroidManifest.xml
		INJECTED from src/main/AndroidManifest.xml
uses-sdk
ADDED from src/main/AndroidManifest.xml:7:5-9:41
INJECTED from src/main/AndroidManifest.xml:7:5-9:41
INJECTED from src/main/AndroidManifest.xml:7:5-9:41
INJECTED from src/main/AndroidManifest.xml:7:5-9:41
INJECTED from src/main/AndroidManifest.xml:7:5-9:41
	android:targetSdkVersion
		ADDED from src/main/AndroidManifest.xml:9:9-38
		INJECTED from src/main/AndroidManifest.xml
		INJECTED from src/main/AndroidManifest.xml
	android:minSdkVersion
		ADDED from src/main/AndroidManifest.xml:8:9-34
		INJECTED from src/main/AndroidManifest.xml
		INJECTED from src/main/AndroidManifest.xml
uses-permission#android.permission.INTERNET
ADDED from src/main/AndroidManifest.xml:11:5-67
	android:name
		ADDED from src/main/AndroidManifest.xml:11:22-64
uses-permission#android.permission.CAMERA
ADDED from src/main/AndroidManifest.xml:12:5-65
	android:name
		ADDED from src/main/AndroidManifest.xml:12:22-62
uses-permission#android.permission.WRITE_EXTERNAL_STORAGE
ADDED from src/main/AndroidManifest.xml:13:1-77
	android:name
		ADDED from src/main/AndroidManifest.xml:13:18-74
application
ADDED from src/main/AndroidManifest.xml:14:5-36:19
	android:label
		ADDED from src/main/AndroidManifest.xml:17:9-41
	android:icon
		ADDED from src/main/AndroidManifest.xml:16:9-45
	android:allowBackup
		ADDED from src/main/AndroidManifest.xml:15:9-35
	android:theme
		ADDED from src/main/AndroidManifest.xml:18:9-40
activity#com.devfd0.bitcoinrpc.MainActivity
ADDED from src/main/AndroidManifest.xml:19:9-28:20
	android:label
		ADDED from src/main/AndroidManifest.xml:21:13-45
	android:name
		ADDED from src/main/AndroidManifest.xml:20:13-62
intent-filter#android.intent.action.MAIN+android.intent.category.LAUNCHER
ADDED from src/main/AndroidManifest.xml:22:13-27:29
action#android.intent.action.MAIN
ADDED from src/main/AndroidManifest.xml:23:17-69
	android:name
		ADDED from src/main/AndroidManifest.xml:23:25-66
category#android.intent.category.LAUNCHER
ADDED from src/main/AndroidManifest.xml:25:17-77
	android:name
		ADDED from src/main/AndroidManifest.xml:25:27-74
activity#com.devfd0.bitcoinrpc.Vprogreso
ADDED from src/main/AndroidManifest.xml:29:9-56
	android:name
		ADDED from src/main/AndroidManifest.xml:29:19-44
activity#com.devfd0.bitcoinrpc.Configuracion
ADDED from src/main/AndroidManifest.xml:30:9-60
	android:name
		ADDED from src/main/AndroidManifest.xml:30:19-48
activity#com.devfd0.bitcoinrpc.ConfiguracionFile
ADDED from src/main/AndroidManifest.xml:31:9-64
	android:name
		ADDED from src/main/AndroidManifest.xml:31:19-52
activity#com.devfd0.bitcoinrpc.enviar
ADDED from src/main/AndroidManifest.xml:32:9-53
	android:name
		ADDED from src/main/AndroidManifest.xml:32:19-41
activity#com.devfd0.bitcoinrpc.transaccciones
ADDED from src/main/AndroidManifest.xml:33:9-61
	android:name
		ADDED from src/main/AndroidManifest.xml:33:19-49
activity#com.devfd0.bitcoinrpc.CameraActivity
ADDED from src/main/AndroidManifest.xml:34:9-61
	android:name
		ADDED from src/main/AndroidManifest.xml:34:19-49